<?xml version="1.0" encoding="UTF-8"?>
<testsuite xmlns:xsi="http://www.w3.org/2001/XMLSchema-instance" xsi:noNamespaceSchemaLocation="https://maven.apache.org/surefire/maven-surefire-plugin/xsd/surefire-test-report.xsd" name="br.pucrs.alav.RecursionTests" time="0.073" tests="45" errors="0" skipped="0" failures="0">
  <properties>
[...]
</properties>
  <testcase name="testSomaVet1" classname="br.pucrs.alav.RecursionTests" time="0.022"/>
  <testcase name="testSomaVet2" classname="br.pucrs.alav.RecursionTests" time="0"/>
  <testcase name="testFFunction1" classname="br.pucrs.alav.RecursionTests" time="0"/>
  <testcase name="testFFunction2" classname="br.pucrs.alav.RecursionTests" time="0"/>
  <testcase name="testFFunction3" classname="br.pucrs.alav.RecursionTests" time="0"/>
  <testcase name="testFFunction4" classname="br.pucrs.alav.RecursionTests" time="0"/>
  <testcase name="testFFunction5" classname="br.pucrs.alav.RecursionTests" time="0"/>
  <testcase name="testSomaSerie1" classname="br.pucrs.alav.RecursionTests" time="0.007"/>
  <testcase name="testSomaSerie2" classname="br.pucrs.alav.RecursionTests" time="0"/>
  <testcase name="testSomaSerie3" classname="br.pucrs.alav.RecursionTests" time="0.001"/>
  <testcase name="testSomaSerie4" classname="br.pucrs.alav.RecursionTests" time="0"/>
  <testcase name="testSomaSerie5" classname="br.pucrs.alav.RecursionTests" time="0.001"/>
  <testcase name="testAckermarn1" classname="br.pucrs.alav.RecursionTests" time="0"/>
  <testcase name="testAckermarn2" classname="br.pucrs.alav.RecursionTests" time="0"/>
  <testcase name="testAckermarn3" classname="br.pucrs.alav.RecursionTests" time="0"/>
  <testcase name="testAckermarn4" classname="br.pucrs.alav.RecursionTests" time="0"/>
  <testcase name="testAckermarn5" classname="br.pucrs.alav.RecursionTests" time="0.001"/>
  <testcase name="testAckermarn6" classname="br.pucrs.alav.RecursionTests" time="0"/>
  <testcase name="testAckermarn7" classname="br.pucrs.alav.RecursionTests" time="0"/>
  <testcase name="testAckermarn8" classname="br.pucrs.alav.RecursionTests" time="0.001"/>
  <testcase name="testAckermarn9" classname="br.pucrs.alav.RecursionTests" time="0.001"/>
  <testcase name="testreverseStr1" classname="br.pucrs.alav.RecursionTests" time="0.001"/>
  <testcase name="testreverseStr2" classname="br.pucrs.alav.RecursionTests" time="0.002"/>
  <testcase name="testreverseStr3" classname="br.pucrs.alav.RecursionTests" time="0"/>
  <testcase name="testreverseStr4" classname="br.pucrs.alav.RecursionTests" time="0"/>
  <testcase name="testreverseStr5" classname="br.pucrs.alav.RecursionTests" time="0"/>
  <testcase name="testreverseStr6" classname="br.pucrs.alav.RecursionTests" time="0.001"/>
  <testcase name="testSomaIncr1" classname="br.pucrs.alav.RecursionTests" time="0"/>
  <testcase name="testSomaIncr2" classname="br.pucrs.alav.RecursionTests" time="0.001"/>
  <testcase name="testSomaIncr3" classname="br.pucrs.alav.RecursionTests" time="0"/>
  <testcase name="testAckermarn10" classname="br.pucrs.alav.RecursionTests" time="0.001"/>
  <testcase name="testAckermarn11" classname="br.pucrs.alav.RecursionTests" time="0"/>
  <testcase name="testAckermarn12" classname="br.pucrs.alav.RecursionTests" time="0.001"/>
  <testcase name="testVetSlice1" classname="br.pucrs.alav.RecursionTests" time="0.004"/>
  <testcase name="testVetSlice2" classname="br.pucrs.alav.RecursionTests" time="0"/>
  <testcase name="testVetSlice3" classname="br.pucrs.alav.RecursionTests" time="0"/>
  <testcase name="testMultNat1" classname="br.pucrs.alav.RecursionTests" time="0.001"/>
  <testcase name="testMultNat2" classname="br.pucrs.alav.RecursionTests" time="0.001"/>
  <testcase name="testMultNat3" classname="br.pucrs.alav.RecursionTests" time="0.001"/>
  <testcase name="testMultNat4" classname="br.pucrs.alav.RecursionTests" time="0"/>
  <testcase name="testMultNat5" classname="br.pucrs.alav.RecursionTests" time="0"/>
  <testcase name="testMultNat6" classname="br.pucrs.alav.RecursionTests" time="0.001"/>
  <testcase name="testSomaIncrAlt1" classname="br.pucrs.alav.RecursionTests" time="0"/>
  <testcase name="testSomaIncrAlt2" classname="br.pucrs.alav.RecursionTests" time="0.001"/>
  <testcase name="testSomaIncrAlt3" classname="br.pucrs.alav.RecursionTests" time="0"/>
</testsuite>